<?xml version="1.0" encoding="UTF-8"?>
<!-- Generated by org.testng.reporters.JUnitReportReporter -->
<testsuite hostname="admin-PC" name="BaseandTestClasses.TC1_LoginLogout1" tests="1" failures="0" timestamp="6 Aug 2020 17:23:52 GMT" time="18.894" errors="0">
  <testcase name="TC1LoginLogout1" time="18.894" classname="BaseandTestClasses.TC1_LoginLogout1"/>
</testsuite> <!-- BaseandTestClasses.TC1_LoginLogout1 -->
