<?xml version="1.0" encoding="UTF-8"?>
<!-- Generated by org.testng.reporters.JUnitReportReporter -->
<testsuite hostname="admin-PC" name="BaseandTestClasses.TC1_LoginLogout1" tests="1" failures="0" timestamp="3 Aug 2020 19:06:28 GMT" time="77.136" errors="0">
  <testcase name="TC1LoginLogout1" time="77.136" classname="BaseandTestClasses.TC1_LoginLogout1"/>
</testsuite> <!-- BaseandTestClasses.TC1_LoginLogout1 -->
